
> ratemyrecipe-frontend@1.0.0 dev
> vite

[33mThe CJS build of Vite's Node API is deprecated. See https://vite.dev/guide/troubleshooting.html#vite-cjs-node-api-deprecated for more details.[39m
Port 5173 is in use, trying another one...

  VITE v5.4.19  ready in 261 ms

  ➜  Local:   http://localhost:5174/
  ➜  Network: use --host to expose
(node:282584) [MODULE_TYPELESS_PACKAGE_JSON] Warning: Module type of file:///home/bruno/Desktop/RateMyRecipe/frontend/postcss.config.js is not specified and it doesn't parse as CommonJS.
Reparsing as ES module because module syntax was detected. This incurs a performance overhead.
To eliminate this warning, add "type": "module" to /home/bruno/Desktop/RateMyRecipe/frontend/package.json.
(Use `node --trace-warnings ...` to show where the warning was created)
12:24:50 AM [vite] Internal server error: [postcss] It looks like you're trying to use `tailwindcss` directly as a PostCSS plugin. The PostCSS plugin has moved to a separate package, so to continue using Tailwind CSS with PostCSS you'll need to install `@tailwindcss/postcss` and update your PostCSS configuration.
  Plugin: vite:css
  File: /home/bruno/Desktop/RateMyRecipe/frontend/src/styles/tailwind.css:undefined:NaN
      at We (/home/bruno/Desktop/RateMyRecipe/frontend/node_modules/tailwindcss/dist/lib.js:35:2121)
      at LazyResult.runOnRoot (/home/bruno/Desktop/RateMyRecipe/frontend/node_modules/postcss/lib/lazy-result.js:361:16)
      at LazyResult.runAsync (/home/bruno/Desktop/RateMyRecipe/frontend/node_modules/postcss/lib/lazy-result.js:290:26)
      at LazyResult.async (/home/bruno/Desktop/RateMyRecipe/frontend/node_modules/postcss/lib/lazy-result.js:192:30)
      at LazyResult.then (/home/bruno/Desktop/RateMyRecipe/frontend/node_modules/postcss/lib/lazy-result.js:436:17)
12:24:50 AM [vite] Internal server error: [postcss] It looks like you're trying to use `tailwindcss` directly as a PostCSS plugin. The PostCSS plugin has moved to a separate package, so to continue using Tailwind CSS with PostCSS you'll need to install `@tailwindcss/postcss` and update your PostCSS configuration.
  Plugin: vite:css
  File: /home/bruno/Desktop/RateMyRecipe/frontend/src/styles/index.css:undefined:NaN
      at We (/home/bruno/Desktop/RateMyRecipe/frontend/node_modules/tailwindcss/dist/lib.js:35:2121)
      at LazyResult.runOnRoot (/home/bruno/Desktop/RateMyRecipe/frontend/node_modules/postcss/lib/lazy-result.js:361:16)
      at LazyResult.runAsync (/home/bruno/Desktop/RateMyRecipe/frontend/node_modules/postcss/lib/lazy-result.js:290:26)
      at LazyResult.async (/home/bruno/Desktop/RateMyRecipe/frontend/node_modules/postcss/lib/lazy-result.js:192:30)
      at LazyResult.then (/home/bruno/Desktop/RateMyRecipe/frontend/node_modules/postcss/lib/lazy-result.js:436:17)
12:24:50 AM [vite] Pre-transform error: [postcss] It looks like you're trying to use `tailwindcss` directly as a PostCSS plugin. The PostCSS plugin has moved to a separate package, so to continue using Tailwind CSS with PostCSS you'll need to install `@tailwindcss/postcss` and update your PostCSS configuration.
12:24:50 AM [vite] Pre-transform error: [postcss] It looks like you're trying to use `tailwindcss` directly as a PostCSS plugin. The PostCSS plugin has moved to a separate package, so to continue using Tailwind CSS with PostCSS you'll need to install `@tailwindcss/postcss` and update your PostCSS configuration.
12:24:50 AM [vite] Internal server error: [postcss] It looks like you're trying to use `tailwindcss` directly as a PostCSS plugin. The PostCSS plugin has moved to a separate package, so to continue using Tailwind CSS with PostCSS you'll need to install `@tailwindcss/postcss` and update your PostCSS configuration.
  Plugin: vite:css
  File: /home/bruno/Desktop/RateMyRecipe/frontend/src/styles/App.css:undefined:NaN
      at We (/home/bruno/Desktop/RateMyRecipe/frontend/node_modules/tailwindcss/dist/lib.js:35:2121)
      at LazyResult.runOnRoot (/home/bruno/Desktop/RateMyRecipe/frontend/node_modules/postcss/lib/lazy-result.js:361:16)
      at LazyResult.runAsync (/home/bruno/Desktop/RateMyRecipe/frontend/node_modules/postcss/lib/lazy-result.js:290:26)
      at async compileCSS (file:///home/bruno/Desktop/RateMyRecipe/frontend/node_modules/vite/dist/node/chunks/dep-C6uTJdX2.js:36898:21)
      at async TransformPluginContext.transform (file:///home/bruno/Desktop/RateMyRecipe/frontend/node_modules/vite/dist/node/chunks/dep-C6uTJdX2.js:36171:11)
      at async PluginContainer.transform (file:///home/bruno/Desktop/RateMyRecipe/frontend/node_modules/vite/dist/node/chunks/dep-C6uTJdX2.js:49099:18)
      at async loadAndTransform (file:///home/bruno/Desktop/RateMyRecipe/frontend/node_modules/vite/dist/node/chunks/dep-C6uTJdX2.js:51977:27)
12:24:50 AM [vite] Pre-transform error: [postcss] It looks like you're trying to use `tailwindcss` directly as a PostCSS plugin. The PostCSS plugin has moved to a separate package, so to continue using Tailwind CSS with PostCSS you'll need to install `@tailwindcss/postcss` and update your PostCSS configuration.
12:27:47 AM [vite] hmr update /src/modules/layout/Navigation.jsx
12:28:14 AM [vite] hmr update /src/modules/pages/Home.jsx
12:28:32 AM [vite] hmr update /src/modules/auth/Login.jsx
12:29:03 AM [vite] hmr update /src/modules/auth/Signup.jsx
12:29:39 AM [vite] hmr update /src/modules/pages/Create.jsx
12:31:05 AM [vite] hmr update /src/modules/pages/Favorites.jsx
12:31:38 AM [vite] hmr update /src/modules/pages/Categories.jsx
12:32:24 AM [vite] hmr update /src/modules/layout/Navigation.jsx
12:34:20 AM [vite] hmr update /src/modules/pages/MyRecipes.jsx
12:34:24 AM [vite] hmr update /src/components/ui/button.jsx
12:34:24 AM [vite] hmr update /src/components/ui/button.jsx
12:34:35 AM [vite] hmr update /src/modules/pages/NoPage.jsx
