[INFO] Scanning for projects...
[INFO] 
[INFO] --------------------------< ch.zkk0:football >--------------------------
[INFO] Building football 0.0.1-SNAPSHOT
[INFO]   from pom.xml
[INFO] --------------------------------[ jar ]---------------------------------
[INFO] 
[INFO] >>> spring-boot:3.4.5:run (default-cli) > test-compile @ football >>>
[INFO] 
[INFO] --- resources:3.3.1:resources (default-resources) @ football ---
[INFO] Copying 1 resource from src/main/resources to target/classes
[INFO] Copying 0 resource from src/main/resources to target/classes
[INFO] 
[INFO] --- compiler:3.13.0:compile (default-compile) @ football ---
[INFO] Nothing to compile - all classes are up to date.
[INFO] 
[INFO] --- resources:3.3.1:testResources (default-testResources) @ football ---
[INFO] Copying 1 resource from src/test/resources to target/test-classes
[INFO] 
[INFO] --- compiler:3.13.0:testCompile (default-testCompile) @ football ---
[INFO] Nothing to compile - all classes are up to date.
[INFO] 
[INFO] <<< spring-boot:3.4.5:run (default-cli) < test-compile @ football <<<
[INFO] 
[INFO] 
[INFO] --- spring-boot:3.4.5:run (default-cli) @ football ---
[INFO] Attaching agents: []

  .   ____          _            __ _ _
 /\\ / ___'_ __ _ _(_)_ __  __ _ \ \ \ \
( ( )\___ | '_ | '_| | '_ \/ _` | \ \ \ \
 \\/  ___)| |_)| | | | | || (_| |  ) ) ) )
  '  |____| .__|_| |_|_| |_\__, | / / / /
 =========|_|==============|___/=/_/_/_/

 :: Spring Boot ::                (v3.4.5)

2025-07-12T00:24:36.684+02:00  INFO 282422 --- [RateMyRecipe] [  restartedMain] c.e.R.RateMyRecipeApplication            : Starting RateMyRecipeApplication using Java 21.0.7 with PID 282422 (/home/bruno/Desktop/RateMyRecipe/backend/target/classes started by bruno in /home/bruno/Desktop/RateMyRecipe/backend)
2025-07-12T00:24:36.687+02:00  INFO 282422 --- [RateMyRecipe] [  restartedMain] c.e.R.RateMyRecipeApplication            : No active profile set, falling back to 1 default profile: "default"
2025-07-12T00:24:36.722+02:00  INFO 282422 --- [RateMyRecipe] [  restartedMain] .e.DevToolsPropertyDefaultsPostProcessor : Devtools property defaults active! Set 'spring.devtools.add-properties' to 'false' to disable
2025-07-12T00:24:36.722+02:00  INFO 282422 --- [RateMyRecipe] [  restartedMain] .e.DevToolsPropertyDefaultsPostProcessor : For additional web related logging consider setting the 'logging.level.web' property to 'DEBUG'
2025-07-12T00:24:37.330+02:00  INFO 282422 --- [RateMyRecipe] [  restartedMain] .s.d.r.c.RepositoryConfigurationDelegate : Bootstrapping Spring Data JPA repositories in DEFAULT mode.
2025-07-12T00:24:37.382+02:00  INFO 282422 --- [RateMyRecipe] [  restartedMain] .s.d.r.c.RepositoryConfigurationDelegate : Finished Spring Data repository scanning in 44 ms. Found 5 JPA repository interfaces.
2025-07-12T00:24:37.886+02:00  INFO 282422 --- [RateMyRecipe] [  restartedMain] o.s.b.w.embedded.tomcat.TomcatWebServer  : Tomcat initialized with port 8080 (http)
2025-07-12T00:24:37.898+02:00  INFO 282422 --- [RateMyRecipe] [  restartedMain] o.apache.catalina.core.StandardService   : Starting service [Tomcat]
2025-07-12T00:24:37.898+02:00  INFO 282422 --- [RateMyRecipe] [  restartedMain] o.apache.catalina.core.StandardEngine    : Starting Servlet engine: [Apache Tomcat/10.1.40]
2025-07-12T00:24:37.927+02:00  INFO 282422 --- [RateMyRecipe] [  restartedMain] o.a.c.c.C.[Tomcat].[localhost].[/]       : Initializing Spring embedded WebApplicationContext
2025-07-12T00:24:37.928+02:00  INFO 282422 --- [RateMyRecipe] [  restartedMain] w.s.c.ServletWebServerApplicationContext : Root WebApplicationContext: initialization completed in 1205 ms
2025-07-12T00:24:38.060+02:00  INFO 282422 --- [RateMyRecipe] [  restartedMain] o.hibernate.jpa.internal.util.LogHelper  : HHH000204: Processing PersistenceUnitInfo [name: default]
2025-07-12T00:24:38.096+02:00  INFO 282422 --- [RateMyRecipe] [  restartedMain] org.hibernate.Version                    : HHH000412: Hibernate ORM core version 6.6.13.Final
2025-07-12T00:24:38.119+02:00  INFO 282422 --- [RateMyRecipe] [  restartedMain] o.h.c.internal.RegionFactoryInitiator    : HHH000026: Second-level cache disabled
2025-07-12T00:24:38.343+02:00  INFO 282422 --- [RateMyRecipe] [  restartedMain] o.s.o.j.p.SpringPersistenceUnitInfo      : No LoadTimeWeaver setup: ignoring JPA class transformer
2025-07-12T00:24:38.366+02:00  INFO 282422 --- [RateMyRecipe] [  restartedMain] com.zaxxer.hikari.HikariDataSource       : HikariPool-1 - Starting...
2025-07-12T00:24:38.539+02:00  INFO 282422 --- [RateMyRecipe] [  restartedMain] com.zaxxer.hikari.pool.HikariPool        : HikariPool-1 - Added connection conn0: url=jdbc:h2:mem:testdb user=SA
2025-07-12T00:24:38.541+02:00  INFO 282422 --- [RateMyRecipe] [  restartedMain] com.zaxxer.hikari.HikariDataSource       : HikariPool-1 - Start completed.
2025-07-12T00:24:38.561+02:00  WARN 282422 --- [RateMyRecipe] [  restartedMain] org.hibernate.orm.deprecation            : HHH90000025: H2Dialect does not need to be specified explicitly using 'hibernate.dialect' (remove the property setting and it will be selected by default)
2025-07-12T00:24:38.579+02:00  INFO 282422 --- [RateMyRecipe] [  restartedMain] org.hibernate.orm.connections.pooling    : HHH10001005: Database info:
	Database JDBC URL [Connecting through datasource 'HikariDataSource (HikariPool-1)']
	Database driver: undefined/unknown
	Database version: 2.3.232
	Autocommit mode: undefined/unknown
	Isolation level: undefined/unknown
	Minimum pool size: undefined/unknown
	Maximum pool size: undefined/unknown
2025-07-12T00:24:39.510+02:00  INFO 282422 --- [RateMyRecipe] [  restartedMain] o.h.e.t.j.p.i.JtaPlatformInitiator       : HHH000489: No JTA platform available (set 'hibernate.transaction.jta.platform' to enable JTA platform integration)
Hibernate: 
    drop table if exists favorite cascade 
Hibernate: 
    drop table if exists rating cascade 
Hibernate: 
    drop table if exists recipe cascade 
Hibernate: 
    drop table if exists recipe_ingredients cascade 
Hibernate: 
    drop table if exists role cascade 
Hibernate: 
    drop table if exists users cascade 
Hibernate: 
    drop table if exists users_roles cascade 
Hibernate: 
    create table favorite (
        id bigint generated by default as identity,
        recipe_id bigint,
        user_id bigint,
        primary key (id)
    )
Hibernate: 
    create table rating (
        stars integer not null,
        id bigint generated by default as identity,
        recipe_id bigint,
        user_id bigint,
        comment varchar(255),
        primary key (id)
    )
Hibernate: 
    create table recipe (
        average_rating float(53),
        rating_count integer,
        author_id bigint,
        id bigint generated by default as identity,
        instructions varchar(5000) not null,
        category varchar(255),
        description varchar(255) not null,
        image_url varchar(255),
        title varchar(255) not null,
        primary key (id)
    )
Hibernate: 
    create table recipe_ingredients (
        recipe_id bigint not null,
        ingredients varchar(255)
    )
Hibernate: 
    create table role (
        id integer generated by default as identity,
        name enum ('ROLE_ADMIN','ROLE_USER'),
        primary key (id)
    )
Hibernate: 
    create table users (
        block_expires_at timestamp(6),
        id bigint generated by default as identity,
        email varchar(255) not null,
        password varchar(255) not null,
        username varchar(255) not null,
        primary key (id)
    )
Hibernate: 
    create table users_roles (
        roles_id integer not null,
        user_id bigint not null,
        primary key (roles_id, user_id)
    )
Hibernate: 
    alter table if exists favorite 
       add constraint FKf9bc7126riig40ixsxetxtnnv 
       foreign key (recipe_id) 
       references recipe
Hibernate: 
    alter table if exists favorite 
       add constraint FKa2lwa7bjrnbti5v12mga2et1y 
       foreign key (user_id) 
       references users
Hibernate: 
    alter table if exists rating 
       add constraint FK6x7y7iu3omnr3wcg93jkfdorb 
       foreign key (recipe_id) 
       references recipe
Hibernate: 
    alter table if exists rating 
       add constraint FKf68lgbsbxl310n0jifwpfqgfh 
       foreign key (user_id) 
       references users
Hibernate: 
    alter table if exists recipe 
       add constraint FKlvmxb2tmwa9979nk3yexb805p 
       foreign key (author_id) 
       references users
Hibernate: 
    alter table if exists recipe_ingredients 
       add constraint FKhnsmvxdlwxqq6x2wbgnoef5gr 
       foreign key (recipe_id) 
       references recipe
Hibernate: 
    alter table if exists users_roles 
       add constraint FK15d410tj6juko0sq9k4km60xq 
       foreign key (roles_id) 
       references role
Hibernate: 
    alter table if exists users_roles 
       add constraint FK2o0jvgh89lemvvo17cbqvdxaa 
       foreign key (user_id) 
       references users
2025-07-12T00:24:39.620+02:00  INFO 282422 --- [RateMyRecipe] [  restartedMain] j.LocalContainerEntityManagerFactoryBean : Initialized JPA EntityManagerFactory for persistence unit 'default'
2025-07-12T00:24:40.082+02:00  INFO 282422 --- [RateMyRecipe] [  restartedMain] eAuthenticationProviderManagerConfigurer : Global AuthenticationManager configured with AuthenticationProvider bean with name authenticationProvider
2025-07-12T00:24:40.083+02:00  WARN 282422 --- [RateMyRecipe] [  restartedMain] r$InitializeUserDetailsManagerConfigurer : Global AuthenticationManager configured with an AuthenticationProvider bean. UserDetailsService beans will not be used by Spring Security for automatically configuring username/password login. Consider removing the AuthenticationProvider bean. Alternatively, consider using the UserDetailsService in a manually instantiated DaoAuthenticationProvider. If the current configuration is intentional, to turn off this warning, increase the logging level of 'org.springframework.security.config.annotation.authentication.configuration.InitializeUserDetailsBeanManagerConfigurer' to ERROR
2025-07-12T00:24:40.168+02:00  INFO 282422 --- [RateMyRecipe] [  restartedMain] o.s.d.j.r.query.QueryEnhancerFactory     : Hibernate is in classpath; If applicable, HQL parser will be used.
2025-07-12T00:24:40.608+02:00  WARN 282422 --- [RateMyRecipe] [  restartedMain] JpaBaseConfiguration$JpaWebConfiguration : spring.jpa.open-in-view is enabled by default. Therefore, database queries may be performed during view rendering. Explicitly configure spring.jpa.open-in-view to disable this warning
2025-07-12T00:24:41.375+02:00  INFO 282422 --- [RateMyRecipe] [  restartedMain] o.s.b.a.h2.H2ConsoleAutoConfiguration    : H2 console available at '/h2-console'. Database available at 'jdbc:h2:mem:testdb'
2025-07-12T00:24:41.470+02:00  INFO 282422 --- [RateMyRecipe] [  restartedMain] o.s.b.d.a.OptionalLiveReloadServer       : LiveReload server is running on port 35729
2025-07-12T00:24:41.506+02:00  INFO 282422 --- [RateMyRecipe] [  restartedMain] o.s.b.w.embedded.tomcat.TomcatWebServer  : Tomcat started on port 8080 (http) with context path '/'
2025-07-12T00:24:41.514+02:00  INFO 282422 --- [RateMyRecipe] [  restartedMain] c.e.R.RateMyRecipeApplication            : Started RateMyRecipeApplication in 5.162 seconds (process running for 5.509)
Hibernate: 
    select
        count(*) 
    from
        role r1_0
Hibernate: 
    insert 
    into
        role
        (name, id) 
    values
        (?, default)
Hibernate: 
    insert 
    into
        role
        (name, id) 
    values
        (?, default)
